<?xml version="1.0" encoding="UTF-8"?>
<!-- Generated by org.testng.reporters.JUnitReportReporter -->
<testsuite hostname="MAVBCP2598" failures="0" tests="1" name="javabasics.TestNG_sample" time="0.002" errors="0" timestamp="2021-12-15T22:38:17 IST" skipped="0">
  <testcase classname="javabasics.TestNG_sample" name="Firstpgm" time="0.002"/>
  <system-out/>
</testsuite> <!-- javabasics.TestNG_sample -->
