<?xml version="1.0" encoding="UTF-8"?>
<!-- Generated by org.testng.reporters.JUnitReportReporter -->
<testsuite hostname="MAVBCP2598" failures="0" tests="2" name="javabasics.TestNG_Parallel" time="0.004" errors="0" timestamp="2021-12-15T22:38:17 IST" skipped="0">
  <testcase classname="javabasics.TestNG_Parallel" name="method1" time="0.001"/>
  <system-out/>
  <testcase classname="javabasics.TestNG_Parallel" name="method2" time="0.003"/>
  <system-out/>
</testsuite> <!-- javabasics.TestNG_Parallel -->
